=== Simulator Started ===
Simulator created
Renderer created
Renderer initialized successfully
Setting target...
Target set
Frame 0
  Stepped
  Rendered
Diagnostics: Time=0.001 Shoulder=0
Frame 1
  Stepped
  Rendered
Frame 2
  Stepped
  Rendered
Frame 3
  Stepped
  Rendered
Frame 4
  Stepped
  Rendered
Frame 5
  Stepped
  Rendered
Frame 6
  Stepped
  Rendered
Frame 7
  Stepped
  Rendered
Frame 8
  Stepped
  Rendered
Frame 9
  Stepped
  Rendered
Frame 10
  Stepped
  Rendered
Frame 11
  Stepped
  Rendered
Frame 12
  Stepped
  Rendered
Frame 13
  Stepped
  Rendered
Frame 14
  Stepped
  Rendered
Frame 15
  Stepped
  Rendered
Frame 16
  Stepped
  Rendered
Frame 17
  Stepped
  Rendered
Frame 18
  Stepped
  Rendered
Frame 19
  Stepped
  Rendered
Frame 20
  Stepped
  Rendered
Frame 21
  Stepped
  Rendered
Frame 22
  Stepped
  Rendered
Frame 23
  Stepped
  Rendered
Frame 24
  Stepped
  Rendered
Frame 25
  Stepped
  Rendered
Frame 26
  Stepped
  Rendered
Frame 27
  Stepped
  Rendered
Frame 28
  Stepped
  Rendered
Frame 29
  Stepped
  Rendered
Frame 30
  Stepped
  Rendered
Frame 31
  Stepped
  Rendered
Frame 32
  Stepped
  Rendered
Frame 33
  Stepped
  Rendered
Frame 34
  Stepped
  Rendered
Frame 35
  Stepped
  Rendered
Frame 36
  Stepped
  Rendered
Frame 37
  Stepped
  Rendered
Frame 38
  Stepped
  Rendered
Frame 39
  Stepped
  Rendered
Frame 40
  Stepped
  Rendered
Frame 41
  Stepped
  Rendered
Frame 42
  Stepped
  Rendered
Frame 43
  Stepped
  Rendered
Frame 44
  Stepped
  Rendered
Frame 45
  Stepped
  Rendered
Frame 46
  Stepped
  Rendered
Frame 47
  Stepped
  Rendered
Frame 48
  Stepped
  Rendered
Frame 49
  Stepped
  Rendered
Frame 50
  Stepped
  Rendered
Frame 51
  Stepped
  Rendered
Frame 52
  Stepped
  Rendered
Frame 53
  Stepped
  Rendered
Frame 54
  Stepped
  Rendered
Frame 55
  Stepped
  Rendered
Frame 56
  Stepped
  Rendered
Frame 57
  Stepped
  Rendered
Frame 58
  Stepped
  Rendered
Frame 59
  Stepped
  Rendered
Frame 60
  Stepped
  Rendered
Diagnostics: Time=0.061 Shoulder=0
Frame 61
  Stepped
  Rendered
Frame 62
  Stepped
  Rendered
Frame 63
  Stepped
  Rendered
Frame 64
  Stepped
  Rendered
Frame 65
  Stepped
  Rendered
Frame 66
  Stepped
  Rendered
Frame 67
  Stepped
  Rendered
Frame 68
  Stepped
  Rendered
Frame 69
  Stepped
  Rendered
Frame 70
  Stepped
  Rendered
Frame 71
  Stepped
  Rendered
Frame 72
  Stepped
  Rendered
Frame 73
  Stepped
  Rendered
Frame 74
  Stepped
  Rendered
Frame 75
  Stepped
  Rendered
Frame 76
  Stepped
  Rendered
Frame 77
  Stepped
  Rendered
Frame 78
  Stepped
  Rendered
Frame 79
  Stepped
  Rendered
Frame 80
  Stepped
  Rendered
Frame 81
  Stepped
  Rendered
Frame 82
  Stepped
  Rendered
Frame 83
  Stepped
  Rendered
Frame 84
  Stepped
  Rendered
Frame 85
  Stepped
  Rendered
Frame 86
  Stepped
  Rendered
Frame 87
  Stepped
  Rendered
Frame 88
  Stepped
  Rendered
Frame 89
  Stepped
  Rendered
Frame 90
  Stepped
  Rendered
Frame 91
  Stepped
  Rendered
Frame 92
  Stepped
  Rendered
Frame 93
  Stepped
  Rendered
Frame 94
  Stepped
  Rendered
Frame 95
  Stepped
  Rendered
Frame 96
  Stepped
  Rendered
Frame 97
  Stepped
  Rendered
Frame 98
  Stepped
  Rendered
Frame 99
  Stepped
  Rendered
Frame 100
  Stepped
  Rendered
Frame 101
  Stepped
  Rendered
Frame 102
  Stepped
  Rendered
Frame 103
  Stepped
  Rendered
Frame 104
  Stepped
  Rendered
Frame 105
  Stepped
  Rendered
Frame 106
  Stepped
  Rendered
Frame 107
  Stepped
  Rendered
Frame 108
  Stepped
  Rendered
Frame 109
  Stepped
  Rendered
Frame 110
  Stepped
  Rendered
Frame 111
  Stepped
  Rendered
Frame 112
  Stepped
  Rendered
Frame 113
  Stepped
  Rendered
Frame 114
  Stepped
  Rendered
Frame 115
  Stepped
  Rendered
Frame 116
  Stepped
  Rendered
Frame 117
  Stepped
  Rendered
Frame 118
  Stepped
  Rendered
Frame 119
  Stepped
  Rendered
Frame 120
  Stepped
  Rendered
Diagnostics: Time=0.121 Shoulder=0
Frame 121
  Stepped
  Rendered
Frame 122
  Stepped
  Rendered
Frame 123
  Stepped
  Rendered
Frame 124
  Stepped
  Rendered
Frame 125
  Stepped
  Rendered
Frame 126
  Stepped
  Rendered
Frame 127
  Stepped
  Rendered
Frame 128
  Stepped
  Rendered
Frame 129
  Stepped
  Rendered
Frame 130
  Stepped
  Rendered
Frame 131
  Stepped
  Rendered
Frame 132
  Stepped
  Rendered
Frame 133
  Stepped
  Rendered
Frame 134
  Stepped
  Rendered
Frame 135
  Stepped
  Rendered
Frame 136
  Stepped
  Rendered
Frame 137
  Stepped
  Rendered
Frame 138
  Stepped
  Rendered
Frame 139
  Stepped
  Rendered
Frame 140
  Stepped
  Rendered
Frame 141
  Stepped
  Rendered
Frame 142
  Stepped
  Rendered
Frame 143
  Stepped
  Rendered
Frame 144
  Stepped
  Rendered
Frame 145
  Stepped
  Rendered
Frame 146
  Stepped
  Rendered
Frame 147
  Stepped
  Rendered
Frame 148
  Stepped
  Rendered
Frame 149
  Stepped
  Rendered
Frame 150
  Stepped
